<html>
<head>
<meta http-equiv="Content-Type" content="text/html;charset=UTF8">
<style>
p.c    { }
h1     { font-size: 160%; font-weight: bold; padding-top: 1ex; padding-bottom: 1ex; }
div.s1 { margin-left: 20px; padding-left: 10px; font-weight: bold; }
div.s2 { margin-left: 80px; padding-left: 10px; font-weight: bold; }
div.s3 { margin-left: 140px; padding-left: 10px; font-weight: bold; }
div.r1 { margin-left: 20px; padding-left: 10px; }
div.r2 { margin-left: 80px; padding-left: 10px; }
div.r3 { margin-left: 140px; padding-left: 10px; }
div.e  { margin-left: 20px; padding-left: 10px; font-weight: bold; <!--color: darkblue;--> }
div.r  { margin-left: 20px; padding-left: 10px; <!--color: darkblue;--> }
</style>
</head>
<body>
<h1>
Индекс
</h1>
<div class="S1">
<pre style="color:#323232; background-color:#ffffff;  "><span style="color:#323232">=&gt;</span> <span style="color:#3b6ac8">CREATE INDEX ON</span> <span style="color:#c73a69">ticket_flights</span><span style="color:#323232">(</span>amount<span style="color:#323232">);</span>
</pre>
</div>
<div class="R1"><pre class="R1">
CREATE INDEX
</pre></div>
<h1>
Выборка < 1%
</h1>
<div class="S1">
<pre style="color:#323232; background-color:#ffffff;  "><span style="color:#323232">=&gt;</span> <span style="color:#3b6ac8">EXPLAIN ANALYZE SELECT</span> <span style="color:#323232">*</span> <span style="color:#3b6ac8">FROM</span> ticket_flights <span style="color:#3b6ac8">WHERE</span> amount <span style="color:#323232">&gt;</span> <span style="color:#1094a0">180000</span><span style="color:#323232">;</span>
</pre>
</div>
<div class="R1"><pre class="R1">
                                                                 QUERY PLAN                                                                 
--------------------------------------------------------------------------------------------------------------------------------------------
 Bitmap Heap Scan on ticket_flights  (cost=839.45..63797.00 rows=44776 width=32) (actual time=10.525..229.515 rows=55640 loops=1)
   Recheck Cond: (amount &gt; '180000'::numeric)
   Heap Blocks: exact=1653
   -&gt;  Bitmap Index Scan on ticket_flights_amount_idx  (cost=0.00..828.25 rows=44776 width=0) (actual time=9.218..9.218 rows=55640 loops=1)
         Index Cond: (amount &gt; '180000'::numeric)
 Planning time: 8.820 ms
 Execution time: 248.294 ms
(7 rows)

</pre></div>
<p class="C">
Запретим сканирование по битовой карте.
</p>
<div class="S1">
<pre style="color:#323232; background-color:#ffffff;  "><span style="color:#323232">=&gt;</span> <span style="color:#3b6ac8">SET</span> enable_bitmapscan <span style="color:#323232">=</span> <span style="color:#3b6ac8">off</span><span style="color:#323232">;</span>
</pre>
</div>
<div class="R1"><pre class="R1">
SET
</pre></div>
<div class="S1">
<pre style="color:#323232; background-color:#ffffff;  "><span style="color:#323232">=&gt;</span> <span style="color:#3b6ac8">EXPLAIN ANALYZE SELECT</span> <span style="color:#323232">*</span> <span style="color:#3b6ac8">FROM</span> ticket_flights <span style="color:#3b6ac8">WHERE</span> amount <span style="color:#323232">&gt;</span> <span style="color:#1094a0">180000</span><span style="color:#323232">;</span>
</pre>
</div>
<div class="R1"><pre class="R1">
                                                                QUERY PLAN                                                                
------------------------------------------------------------------------------------------------------------------------------------------
 Gather  (cost=1000.00..115263.16 rows=44776 width=32) (actual time=1.258..2722.847 rows=55640 loops=1)
   Workers Planned: 2
   Workers Launched: 2
   -&gt;  Parallel Seq Scan on ticket_flights  (cost=0.00..109785.56 rows=18657 width=32) (actual time=590.010..2563.541 rows=18547 loops=3)
         Filter: (amount &gt; '180000'::numeric)
         Rows Removed by Filter: 2778737
 Planning time: 0.090 ms
 Execution time: 2739.809 ms
(8 rows)

</pre></div>
<p class="C">
Для небольшой выборки сканирование по битовой карте оказывается эффективнее.
</p>
<div class="S1">
<pre style="color:#323232; background-color:#ffffff;  "><span style="color:#323232">=&gt;</span> <span style="color:#3b6ac8">RESET</span> enable_bitmapscan<span style="color:#323232">;</span>
</pre>
</div>
<div class="R1"><pre class="R1">
RESET
</pre></div>
<h1>
Выборка > 90%
</h1>
<div class="S1">
<pre style="color:#323232; background-color:#ffffff;  "><span style="color:#323232">=&gt;</span> <span style="color:#3b6ac8">EXPLAIN ANALYZE SELECT</span> <span style="color:#323232">*</span> <span style="color:#3b6ac8">FROM</span> ticket_flights <span style="color:#3b6ac8">WHERE</span> amount <span style="color:#323232">&lt;</span> <span style="color:#1094a0">44000</span><span style="color:#323232">;</span>
</pre>
</div>
<div class="R1"><pre class="R1">
                                                          QUERY PLAN                                                          
------------------------------------------------------------------------------------------------------------------------------
 Seq Scan on ticket_flights  (cost=0.00..170976.15 rows=7561892 width=32) (actual time=16.425..3722.229 rows=7583228 loops=1)
   Filter: (amount &lt; '44000'::numeric)
   Rows Removed by Filter: 808624
 Planning time: 0.114 ms
 Execution time: 5588.814 ms
(5 rows)

</pre></div>
<p class="C">
Запретим последовательное сканирование.
</p>
<div class="S1">
<pre style="color:#323232; background-color:#ffffff;  "><span style="color:#323232">=&gt;</span> <span style="color:#3b6ac8">SET</span> enable_seqscan <span style="color:#323232">=</span> <span style="color:#3b6ac8">off</span><span style="color:#323232">;</span>
</pre>
</div>
<div class="R1"><pre class="R1">
SET
</pre></div>
<div class="S1">
<pre style="color:#323232; background-color:#ffffff;  "><span style="color:#323232">=&gt;</span> <span style="color:#3b6ac8">EXPLAIN ANALYZE SELECT</span> <span style="color:#323232">*</span> <span style="color:#3b6ac8">FROM</span> ticket_flights <span style="color:#3b6ac8">WHERE</span> amount <span style="color:#323232">&lt;</span> <span style="color:#1094a0">44000</span><span style="color:#323232">;</span>
</pre>
</div>
<div class="R1"><pre class="R1">
                                                                       QUERY PLAN                                                                        
---------------------------------------------------------------------------------------------------------------------------------------------------------
 Bitmap Heap Scan on ticket_flights  (cost=141553.10..302154.75 rows=7561892 width=32) (actual time=2801.096..6475.452 rows=7583228 loops=1)
   Recheck Cond: (amount &lt; '44000'::numeric)
   Heap Blocks: exact=65494
   -&gt;  Bitmap Index Scan on ticket_flights_amount_idx  (cost=0.00..139662.62 rows=7561892 width=0) (actual time=2782.482..2782.482 rows=7583228 loops=1)
         Index Cond: (amount &lt; '44000'::numeric)
 Planning time: 0.109 ms
 Execution time: 8395.476 ms
(7 rows)

</pre></div>
<p class="C">
Для большой выборки полное сканирование выгоднее.
</p>
<p class="C">
Следует также учесть, что повторно запрос обычно выполняется быстрее из-за
кэширования.
</p>
</body>
</html>
